d:\development\cpp projects\cpp-game-engine\cpp-game-engine\x64\debug\vc143.pdb
d:\development\cpp projects\cpp-game-engine\cpp-game-engine\x64\debug\vc143.idb
d:\development\cpp projects\cpp-game-engine\cpp-game-engine\x64\debug\shader.obj
d:\development\cpp projects\cpp-game-engine\cpp-game-engine\x64\debug\renderer.obj
d:\development\cpp projects\cpp-game-engine\cpp-game-engine\x64\debug\main.obj
d:\development\cpp projects\cpp-game-engine\cpp-game-engine\x64\debug\gameobject.obj
d:\development\cpp projects\cpp-game-engine\cpp-game-engine\x64\debug\game.obj
d:\development\cpp projects\cpp-game-engine\cpp-game-engine\x64\debug\array.obj
d:\development\cpp projects\cpp-game-engine\cpp-game-engine\x64\debug\glad.obj
d:\development\cpp projects\cpp-game-engine\x64\debug\cpp-game-engine.pdb
d:\development\cpp projects\cpp-game-engine\cpp-game-engine\x64\debug\cpp-game-engine.tlog\cl.command.1.tlog
d:\development\cpp projects\cpp-game-engine\cpp-game-engine\x64\debug\cpp-game-engine.tlog\cl.read.1.tlog
d:\development\cpp projects\cpp-game-engine\cpp-game-engine\x64\debug\cpp-game-engine.tlog\cl.write.1.tlog
d:\development\cpp projects\cpp-game-engine\cpp-game-engine\x64\debug\cpp-game-engine.tlog\link-cvtres.read.1.tlog
d:\development\cpp projects\cpp-game-engine\cpp-game-engine\x64\debug\cpp-game-engine.tlog\link-cvtres.write.1.tlog
d:\development\cpp projects\cpp-game-engine\cpp-game-engine\x64\debug\cpp-game-engine.tlog\link-rc.read.1.tlog
d:\development\cpp projects\cpp-game-engine\cpp-game-engine\x64\debug\cpp-game-engine.tlog\link-rc.write.1.tlog
d:\development\cpp projects\cpp-game-engine\cpp-game-engine\x64\debug\cpp-game-engine.tlog\link.command.1.tlog
d:\development\cpp projects\cpp-game-engine\cpp-game-engine\x64\debug\cpp-game-engine.tlog\link.read.1.tlog
d:\development\cpp projects\cpp-game-engine\cpp-game-engine\x64\debug\cpp-game-engine.tlog\link.read.2.tlog
d:\development\cpp projects\cpp-game-engine\cpp-game-engine\x64\debug\cpp-game-engine.tlog\link.read.3.tlog
d:\development\cpp projects\cpp-game-engine\cpp-game-engine\x64\debug\cpp-game-engine.tlog\link.read.4.tlog
d:\development\cpp projects\cpp-game-engine\cpp-game-engine\x64\debug\cpp-game-engine.tlog\link.write.1.tlog
